<?xml version="1.0" encoding="UTF-8"?>
<testng-results ignored="0" total="2" passed="2" failed="0" skipped="0">
  <reporter-output>
  </reporter-output>
  <suite started-at="2023-10-12T22:51:44 IST" name="Suite" finished-at="2023-10-12T22:51:56 IST" duration-ms="12587">
    <groups>
    </groups>
    <test started-at="2023-10-12T22:51:44 IST" name="Test" finished-at="2023-10-12T22:51:56 IST" duration-ms="12587">
      <class name="org.jengit.JenkinsWithGit">
        <test-method signature="browserLaunchFB()[pri:1, instance:org.jengit.JenkinsWithGit@534a5a98]" started-at="2023-10-12T22:51:44 IST" name="browserLaunchFB" finished-at="2023-10-12T22:51:56 IST" duration-ms="12510" status="PASS">
          <reporter-output>
          </reporter-output>
        </test-method> <!-- browserLaunchFB -->
        <test-method signature="printStatement()[pri:2, instance:org.jengit.JenkinsWithGit@534a5a98]" started-at="2023-10-12T22:51:56 IST" name="printStatement" finished-at="2023-10-12T22:51:56 IST" duration-ms="2" status="PASS">
          <reporter-output>
          </reporter-output>
        </test-method> <!-- printStatement -->
      </class> <!-- org.jengit.JenkinsWithGit -->
    </test> <!-- Test -->
  </suite> <!-- Suite -->
</testng-results>
